<?xml version="1.0" encoding="UTF-8"?>
<testsuite xmlns:xsi="http://www.w3.org/2001/XMLSchema-instance" xsi:noNamespaceSchemaLocation="https://maven.apache.org/surefire/maven-surefire-plugin/xsd/surefire-test-report-3.0.xsd" version="3.0" name="TestCase" time="0.045" tests="2" errors="0" skipped="2" failures="0">
  <properties>
[...]
</properties>
  <testcase name="test01" classname="TestCase" time="0.0">
    <skipped message="System property [vavi.test] does not exist"/>
  </testcase>
  <testcase name="test1" classname="TestCase" time="0.0">
    <skipped message="System property [vavi.test] does not exist"/>
  </testcase>
</testsuite>